2024-07-18 19:54:18,640:WARNING:Anomalies detected: {'missing_values': col2    0.272727
col3    0.090909
dtype: float64, 'outliers':     col1  col2   col3
0    1.0   2.0    3.0
1    4.0   5.0    6.0
2    7.0   NaN    9.0
3   10.0  11.0    NaN
4   13.0  14.0   15.0
6   19.0   NaN   21.0
7   22.0  23.0  100.0
8   25.0  26.0   27.0
9   28.0   NaN   30.0
10  31.0  32.0   33.0}
2024-07-18 21:22:49,952:WARNING:Anomalies detected: {'missing_values': col2    0.272727
col3    0.090909
dtype: float64, 'outliers':     col1  col2   col3
0    1.0   2.0    3.0
1    4.0   5.0    6.0
2    7.0   NaN    9.0
3   10.0  11.0    NaN
4   13.0  14.0   15.0
6   19.0   NaN   21.0
7   22.0  23.0  100.0
8   25.0  26.0   27.0
9   28.0   NaN   30.0
10  31.0  32.0   33.0}
2024-07-18 21:45:15,608:WARNING:Anomalies detected: {'missing_values': col2    0.272727
col3    0.090909
dtype: float64, 'outliers':     col1  col2   col3
0    1.0   2.0    3.0
1    4.0   5.0    6.0
2    7.0   NaN    9.0
3   10.0  11.0    NaN
4   13.0  14.0   15.0
6   19.0   NaN   21.0
7   22.0  23.0  100.0
8   25.0  26.0   27.0
9   28.0   NaN   30.0
10  31.0  32.0   33.0}
2024-07-18 21:45:56,337:WARNING:Anomalies detected: {'missing_values': col2    0.272727
col3    0.090909
dtype: float64, 'outliers':     col1  col2   col3
0    1.0   2.0    3.0
1    4.0   5.0    6.0
2    7.0   NaN    9.0
3   10.0  11.0    NaN
4   13.0  14.0   15.0
6   19.0   NaN   21.0
7   22.0  23.0  100.0
8   25.0  26.0   27.0
9   28.0   NaN   30.0
10  31.0  32.0   33.0}
2024-07-18 21:46:24,279:WARNING:Anomalies detected: {'missing_values': col2    0.272727
col3    0.090909
dtype: float64, 'outliers':     col1  col2   col3
0    1.0   2.0    3.0
1    4.0   5.0    6.0
2    7.0   NaN    9.0
3   10.0  11.0    NaN
4   13.0  14.0   15.0
6   19.0   NaN   21.0
7   22.0  23.0  100.0
8   25.0  26.0   27.0
9   28.0   NaN   30.0
10  31.0  32.0   33.0}
2024-07-18 21:46:35,461:WARNING:Anomalies detected: {'missing_values': col2    0.272727
col3    0.090909
dtype: float64, 'outliers':     col1  col2   col3
0    1.0   2.0    3.0
1    4.0   5.0    6.0
2    7.0   NaN    9.0
3   10.0  11.0    NaN
4   13.0  14.0   15.0
6   19.0   NaN   21.0
7   22.0  23.0  100.0
8   25.0  26.0   27.0
9   28.0   NaN   30.0
10  31.0  32.0   33.0}
